<?xml version="1.0" encoding="UTF-8"?>
<!-- Generated by org.testng.reporters.JUnitReportReporter -->
<testsuite name="hellotest1.helloo" tests="1" time="0.017" ignored="0" failures="0" timestamp="26 Mar 2020 05:26:59 GMT" skipped="0" hostname="DESKTOP-3JQGTOT" errors="0">
  <testcase name="hai" time="0.017" classname="hellotest1.helloo"/>
</testsuite> <!-- hellotest1.helloo -->
