<?xml version="1.0" encoding="UTF-8"?>
<!-- Generated by org.testng.reporters.JUnitReportReporter -->
<testsuite skipped="0" hostname="DESKTOP-3JQGTOT" name="hellotest1.helloo" tests="1" failures="0" timestamp="07 Mar 2020 15:16:52 GMT" time="0.035" errors="0">
  <testcase name="hai" time="0.035" classname="hellotest1.helloo"/>
</testsuite> <!-- hellotest1.helloo -->
